<?xml version="1.0" encoding="UTF-8"?>
<!-- Generated by org.testng.reporters.JUnitReportReporter -->
<testsuite hostname="Faruq" failures="0" tests="1" name="seleniumWebDriver.HowToOpenChrome" time="3.138" errors="0" timestamp="2025-03-16T12:51:58 EDT" skipped="0">
  <testcase classname="seleniumWebDriver.HowToOpenChrome" name="getApplicationUrl" time="3.138"/>
  <system-out/>
</testsuite> <!-- seleniumWebDriver.HowToOpenChrome -->
