<?xml version="1.0" encoding="UTF-8"?>
<!-- Generated by org.testng.reporters.JUnitReportReporter -->
<testsuite hostname="Faruq" failures="0" tests="1" name="seleniumWebDriver.HowToOpenChrome" time="2.004" errors="0" timestamp="2025-03-15T14:11:31 EDT" skipped="0">
  <testcase classname="seleniumWebDriver.HowToOpenChrome" name="loginTest" time="2.004"/>
  <system-out/>
</testsuite> <!-- seleniumWebDriver.HowToOpenChrome -->
